android/app/seeds.txt
com.elsaga.dkptnoibo.MainActivity
com.elsaga.dkptnoibo.MainActivity: MainActivity()
...
androidx.recyclerview.widget.RecyclerView: boolean mClipToPadding
com.google.android.gms.common.zzs: boolean zzc
io.flutter.embedding.engine.dart.DartMessenger$DartMessengerTaskQueue: void dispatch(java.lang.Runnable)
com.google.android.material.chip.Chip: Chip(android.content.Context,android.util.AttributeSet)
io.flutter.plugins.firebase.core.R$id: int line1
io.flutter.plugins.imagepicker.R$styleable: int GradientColor_android_gradientRadius
com.google.android.gms.auth.api.signin.zae
androidx.appcompat.R$style: int Widget_AppCompat_Light_ActionButton
com.dexterous.flutterlocalnotifications.models.NotificationDetails: java.lang.String HTML_FORMAT_CONTENT_TITLE
androidx.recyclerview.widget.RecyclerView: boolean FORCE_INVALIDATE_DISPLAY_LIST
com.google.android.gms.common.SupportErrorDialogFragment: android.app.Dialog zac
com.google.zxing.client.android.R$id: int tag_accessibility_pane_title
androidx.recyclerview.widget.RecyclerView$LayoutManager: RecyclerView$LayoutManager()
com.google.android.gms.tasks.Task: java.lang.Object getResult(java.lang.Class)
com.google.android.material.R$dimen: int fastscroll_default_thickness
androidx.media.R$layout: int notification_media_action
androidx.window.java.layout.WindowInfoTrackerCallbackAdapter$addListener$1$1
androidx.appcompat.R$dimen: int abc_alert_dialog_button_bar_height
com.google.android.gms.common.internal.Constants
io.flutter.plugins.firebase.messaging.R$id: int accessibility_custom_action_19
com.google.android.gms.common.internal.zzn: java.lang.String toString()
com.google.android.gms.dynamic.DeferredLifecycleHelper: void onLowMemory()
io.flutter.view.AccessibilityViewEmbedder: android.view.View platformViewOfNode(int)
io.flutter.view.FlutterNativeView: void setMessageHandler(java.lang.String,io.flutter.plugin.common.BinaryMessenger$BinaryMessageHandler,io.flutter.plugin.common.BinaryMessenger$TaskQueue)
com.google.android.gms.common.internal.safeparcel.SafeParcelWriter: void writeIBinder(android.os.Parcel,int,android.os.IBinder,boolean)
com.google.android.gms.common.data.DataHolder: int getInteger(java.lang.String,int,int)
de.mintware.barcode_scan.BarcodeScannerActivity
com.google.android.material.R$color: int material_on_surface_emphasis_medium
android.support.v4.media.session.MediaSessionCompat$MediaSessionImplBase: androidx.media.MediaSessionManager$RemoteUserInfo getCurrentControllerInfo()
kotlinx.coroutines.JobSupport: java.lang.Object _parentHandle
io.flutter.plugins.pathprovider.R$styleable: int FontFamilyFont_font
com.google.android.material.R$style: int Widget_AppCompat_Spinner_Underlined
com.dexterous.flutterlocalnotifications.models.NotificationDetails: java.lang.String PLAY_SOUND
io.flutter.plugins.videoplayer.VideoPlayer$2: void onTrackSelectionParametersChanged(com.google.android.exoplayer2.trackselection.TrackSelectionParameters)
io.flutter.plugins.videoplayer.Messages$VolumeMessage$Builder: java.lang.Long textureId
com.google.android.gms.common.api.GoogleApiClient$Builder: int zal
androidx.recyclerview.R$styleable: int FontFamilyFont_font
com.google.android.material.R$attr: int drawableTint
com.google.android.gms.common.api.Batch$Builder: com.google.android.gms.common.api.BatchResultToken add(com.google.android.gms.common.api.PendingResult)
com.google.android.material.R$style: int Widget_AppCompat_CompoundButton_Switch
com.google.android.gms.common.api.PendingResults: com.google.android.gms.common.api.PendingResult canceledPendingResult()
io.flutter.embedding.engine.dart.DartMessenger$DefaultTaskQueueFactory: DartMessenger$DefaultTaskQueueFactory()
io.flutter.plugins.webviewflutter.GeneratedAndroidWebView$WebChromeClientFlutterApi: GeneratedAndroidWebView$WebChromeClientFlutterApi(io.flutter.plugin.common.BinaryMessenger)
io.flutter.plugins.sharedpreferences.R$color
androidx.appcompat.R$attr: int itemPadding
com.dexterous.flutterlocalnotifications.models.NotificationChannelDetails: java.lang.String id
com.google.android.material.R$attr: int backgroundTint