android/app/unused.txt
com.elsaga.dkptnoibo.R$integer
com.elsaga.dkptnoibo.R$color
com.elsaga.dkptnoibo.R$dimen
com.elsaga.dkptnoibo.R$menu
com.elsaga.dkptnoibo.R$styleable
com.elsaga.dkptnoibo.R$drawable
com.elsaga.dkptnoibo.BuildConfig
com.elsaga.dkptnoibo.R$raw
com.elsaga.dkptnoibo.R$plurals
com.elsaga.dkptnoibo.R$interpolator
com.elsaga.dkptnoibo.R$anim
com.elsaga.dkptnoibo.R$string
com.elsaga.dkptnoibo.R$layout
com.elsaga.dkptnoibo.R$id
com.elsaga.dkptnoibo.R
com.elsaga.dkptnoibo.R$mipmap
com.elsaga.dkptnoibo.R$bool
com.elsaga.dkptnoibo.R$xml
com.elsaga.dkptnoibo.R$attr
com.elsaga.dkptnoibo.R$style
com.elsaga.dkptnoibo.R$animator
...
androidx.appcompat.widget.ActivityChooserModel$ActivityChooserModelClient
com.google.android.exoplayer2.database.ExoDatabaseProvider
com.google.common.base.CaseFormat$3
com.google.common.collect.Multimaps$TransformedEntriesListMultimap
androidx.appcompat.app.ActionBarDrawerToggle$ToolbarCompatDelegate
kotlinx.coroutines.flow.FlowKt__ZipKt$combineTransform$7
kotlinx.coroutines.channels.ChannelKt:
    public static final java.lang.Object getOrElse-WpGqRn0(java.lang.Object,kotlin.jvm.functions.Function1)
    public static final java.lang.Object onSuccess-WpGqRn0(java.lang.Object,kotlin.jvm.functions.Function1)
    public static final java.lang.Object onFailure-WpGqRn0(java.lang.Object,kotlin.jvm.functions.Function1)
    public static final java.lang.Object onClosed-WpGqRn0(java.lang.Object,kotlin.jvm.functions.Function1)
    public static final synthetic kotlinx.coroutines.channels.Channel Channel(int)
    public static synthetic kotlinx.coroutines.channels.Channel Channel$default(int,int,java.lang.Object)
org.checkerframework.common.util.report.qual.ReportUse
com.google.common.collect.UsingToStringOrdering
androidx.activity.R
androidx.print.PrintHelper$PrintUriAdapter$1
com.google.gson.TypeAdapter:
    public final void toJson(java.io.Writer,java.lang.Object)
    public final java.lang.String toJson(java.lang.Object)
    public final java.lang.Object fromJson(java.io.Reader)
    public final java.lang.Object fromJson(java.lang.String)
kotlin.jvm.internal.CharSpreadBuilder
net.touchcapture.qr.flutterqr.R$style
kotlin.jvm.Volatile
androidx.appcompat.widget.AppCompatTextHelper:
    private static final int TEXT_FONT_WEIGHT_UNSPECIFIED
    private static final int SANS
    private static final int SERIF
    private static final int MONOSPACE
androidx.transition.Styleable$Transition
androidx.media2.session.MediaLibraryService$MediaLibrarySession$MediaLibrarySessionCallback
androidx.vectordrawable.graphics.drawable.VectorDrawableCompat$VFullPath:
    public boolean canApplyTheme()
    public void applyTheme(android.content.res.Resources$Theme)
androidx.appcompat.widget.TooltipCompatHandler:
    private static final java.lang.String TAG
    private static final long LONG_CLICK_HIDE_TIMEOUT_MS
    private static final long HOVER_HIDE_TIMEOUT_MS
    private static final long HOVER_HIDE_TIMEOUT_SHORT_MS
com.google.common.collect.Sets$UnmodifiableNavigableSet
androidx.media2.session.MediaLibraryService$LibraryParams:
    void <init>(android.os.Bundle,boolean,boolean,boolean)
    private void <init>(android.os.Bundle,int,int,int)
    private static int convertToInteger(boolean)
    private static boolean convertToBoolean(int)
    public boolean isRecent()
    public boolean isOffline()
    public boolean isSuggested()
    public android.os.Bundle getExtras()
com.google.common.net.MediaType$1
kotlin.jvm.internal.Ref$ObjectRef
androidx.appcompat.graphics.drawable.DrawableContainer:
    public void setEnterFadeDuration(int)
    public void setExitFadeDuration(int)
    public boolean isStateful()
    void setCurrentIndex(int)
    void clearMutated()
    private static final boolean DEBUG
    private static final java.lang.String TAG
    private static final boolean DEFAULT_DITHER
com.google.firebase.FirebaseExceptionMapper
com.google.android.exoplayer2.drm.DrmSession$State
com.google.errorprone.annotations.SuppressPackageLocation
androidx.media.MediaBrowserServiceCompat$MediaBrowserServiceImplApi21$3
androidx.fragment.R$anim
com.google.common.graph.ElementOrder$1
androidx.recyclerview.widget.BatchingListUpdateCallback